[2025-12-23 22:20:08] Source  : .
[2025-12-23 22:20:08] Sortie  : project_export.md
[2025-12-23 22:20:08] Fichiers trouvés (avant filtre): 14764
[2025-12-23 22:20:08] Fichiers à concaténer (après filtre): 57 (exclus auto:2 dir:14705 file:0)
[2025-12-23 22:20:08] Concatène [1] .github/workflows/pull_request.yml (size=883)
[2025-12-23 22:20:08] Concatène [2] .github/workflows/release.yml (size=2609)
[2025-12-23 22:20:08] Concatène [3] .gitignore (size=282)
[2025-12-23 22:20:08] Concatène [4] Dockerfile (size=2895)
[2025-12-23 22:20:08] Concatène [5] Makefile (size=3963)
[2025-12-23 22:20:08] Concatène [6] backend/.air.toml (size=598)
[2025-12-23 22:20:08] Concatène [7] backend/Dockerfile (size=2895)
[2025-12-23 22:20:08] Concatène [8] backend/Makefile (size=3247)
[2025-12-23 22:20:08] Concatène [9] backend/api/handlers.go (size=4301)
[2025-12-23 22:20:08] Concatène [10] backend/cmd/server/main.go (size=1086)
[2025-12-23 22:20:08] Concatène [11] backend/go.mod (size=794)
[2025-12-23 22:20:08] Concatène [12] backend/go.sum (size=3296)
[2025-12-23 22:20:08] Concatène [13] backend/internal/database/db.go (size=853)
[2025-12-23 22:20:08] Concatène [14] backend/internal/handlers/epic_handler.go (size=2472)
[2025-12-23 22:20:08] Concatène [15] backend/internal/handlers/item_handler.go (size=2480)
[2025-12-23 22:20:08] Concatène [16] backend/internal/models/epic.go (size=781)
[2025-12-23 22:20:08] Concatène [17] backend/internal/models/item.go (size=983)
[2025-12-23 22:20:08] Concatène [18] backend/internal/router/router.go (size=2361)
[2025-12-23 22:20:08] ℹ️  Binaire : backend/klaro.db — référencé mais non inclus
[2025-12-23 22:20:08] Concatène [20] backend/package.json (size=255)
[2025-12-23 22:20:08] Concatène [21] backend/plan (size=4170)
[2025-12-23 22:20:08] Concatène [22] backend/pnpm-lock.yaml (size=49940)
[2025-12-23 22:20:08] Concatène [23] backend/pnpm-workspace.yaml (size=39)
[2025-12-23 22:20:08] Concatène [24] backend/project_export.log (size=3930)
[2025-12-23 22:20:08] Concatène [25] backend/project_export.md (size=190621)
[2025-12-23 22:20:08] Concatène [26] backend/san_dir.txt (size=22)
[2025-12-23 22:20:08] Concatène [27] backend/san_file.txt (size=29)
[2025-12-23 22:20:08] Concatène [28] backend/store/schema.go (size=2835)
[2025-12-23 22:20:08] Concatène [29] backend/tmp/build-errors.log (size=78)
[2025-12-23 22:20:08] ℹ️  Binaire : backend/tmp/main — référencé mais non inclus
[2025-12-23 22:20:08] Concatène [31] documentation/RELEASE_PROCESS.md (size=5637)
[2025-12-23 22:20:08] Concatène [32] frontend/.gitignore (size=253)
[2025-12-23 22:20:08] Concatène [33] frontend/.vscode/extensions.json (size=39)
[2025-12-23 22:20:08] Concatène [34] frontend/README.md (size=442)
[2025-12-23 22:20:08] Concatène [35] frontend/index.html (size=617)
[2025-12-23 22:20:08] Concatène [36] frontend/package.json (size=679)
[2025-12-23 22:20:08] Concatène [37] frontend/pnpm-lock.yaml (size=29270)
[2025-12-23 22:20:08] Concatène [38] frontend/public/vite.svg (size=1497)
[2025-12-23 22:20:08] Concatène [39] frontend/src/App.vue (size=2156)
[2025-12-23 22:20:08] Concatène [40] frontend/src/assets/vue.svg (size=496)
[2025-12-23 22:20:08] Concatène [41] frontend/src/components/HelloWorld.vue (size=856)
[2025-12-23 22:20:08] Concatène [42] frontend/src/main.ts (size=495)
[2025-12-23 22:20:08] Concatène [43] frontend/src/stores/kadastro.ts (size=7365)
[2025-12-23 22:20:08] Concatène [44] frontend/src/style.css (size=3598)
[2025-12-23 22:20:08] Concatène [45] frontend/tsconfig.app.json (size=454)
[2025-12-23 22:20:08] Concatène [46] frontend/tsconfig.json (size=119)
[2025-12-23 22:20:08] Concatène [47] frontend/tsconfig.node.json (size=653)
[2025-12-23 22:20:08] Concatène [48] frontend/vite.config.ts (size=213)
[2025-12-23 22:20:08] Concatène [49] k8s/deployment.yaml (size=1223)
[2025-12-23 22:20:08] Concatène [50] k8s/ingress.yaml (size=608)
[2025-12-23 22:20:08] Concatène [51] k8s/service.yaml (size=170)
[2025-12-23 22:20:08] Concatène [52] package.json (size=255)
[2025-12-23 22:20:08] Concatène [53] plan (size=4170)
[2025-12-23 22:20:08] Concatène [54] pnpm-lock.yaml (size=57280)
[2025-12-23 22:20:08] Concatène [55] pnpm-workspace.yaml (size=25)
[2025-12-23 22:20:08] Concatène [56] project_export.log (size=4283)
[2025-12-23 22:20:08] Concatène [57] san_file.txt (size=29)
[2025-12-23 22:20:08] Concaténation Markdown terminée : 55 fichier(s), 411580 octets.
[2025-12-23 22:20:08] Aucune règle d’anonymisation — étape sautée.
[2025-12-23 22:20:08] Terminé. Log détaillé: project_export.log
