[2025-12-18 23:46:44] Source  : .
[2025-12-18 23:46:44] Sortie  : project_export.md
[2025-12-18 23:46:44] Fichiers trouvés (avant filtre): 13245
[2025-12-18 23:46:45] Fichiers à concaténer (après filtre): 46 (exclus auto:3 dir:13192 file:4)
[2025-12-18 23:46:45] Concatène [1] .github/workflows/pull_request.yml (size=883)
[2025-12-18 23:46:45] Concatène [2] .github/workflows/release.yml (size=2609)
[2025-12-18 23:46:45] Concatène [3] .gitignore (size=282)
[2025-12-18 23:46:45] Concatène [4] Dockerfile (size=2895)
[2025-12-18 23:46:45] Concatène [5] Makefile (size=3247)
[2025-12-18 23:46:45] Concatène [6] backend/.air.toml (size=598)
[2025-12-18 23:46:45] Concatène [7] backend/api/handlers.go (size=4301)
[2025-12-18 23:46:45] Concatène [8] backend/cmd/server/main.go (size=540)
[2025-12-18 23:46:45] Concatène [9] backend/go.mod (size=791)
[2025-12-18 23:46:45] Concatène [10] backend/go.sum (size=3296)
[2025-12-18 23:46:45] Concatène [11] backend/internal/database/db.go (size=853)
[2025-12-18 23:46:45] Concatène [12] backend/internal/handlers/epic_handler.go (size=2472)
[2025-12-18 23:46:45] Concatène [13] backend/internal/handlers/item_handler.go (size=2480)
[2025-12-18 23:46:45] Concatène [14] backend/internal/models/epic.go (size=781)
[2025-12-18 23:46:45] Concatène [15] backend/internal/models/item.go (size=983)
[2025-12-18 23:46:45] Concatène [16] backend/internal/router/router.go (size=2361)
[2025-12-18 23:46:45] ℹ️  Binaire : backend/klaro.db — référencé mais non inclus
[2025-12-18 23:46:45] Concatène [18] backend/store/schema.go (size=2835)
[2025-12-18 23:46:45] ℹ️  Binaire : backend/tmp/main — référencé mais non inclus
[2025-12-18 23:46:45] Concatène [20] documentation/RELEASE_PROCESS.md (size=5637)
[2025-12-18 23:46:45] Concatène [21] frontend/.gitignore (size=253)
[2025-12-18 23:46:45] Concatène [22] frontend/.vscode/extensions.json (size=39)
[2025-12-18 23:46:45] Concatène [23] frontend/README.md (size=442)
[2025-12-18 23:46:45] Concatène [24] frontend/index.html (size=617)
[2025-12-18 23:46:45] Concatène [25] frontend/package.json (size=649)
[2025-12-18 23:46:45] Concatène [26] frontend/pnpm-lock.yaml (size=29270)
[2025-12-18 23:46:45] Concatène [27] frontend/src/App.vue (size=20108)
[2025-12-18 23:46:45] Concatène [28] frontend/src/components/CreateModal.vue (size=10559)
[2025-12-18 23:46:45] Concatène [29] frontend/src/components/DashboardView.vue (size=6511)
[2025-12-18 23:46:45] Concatène [30] frontend/src/components/DetailModal.vue (size=3828)
[2025-12-18 23:46:45] Concatène [31] frontend/src/components/EditModal.vue (size=8242)
[2025-12-18 23:46:45] Concatène [32] frontend/src/components/HelloWorld.vue (size=856)
[2025-12-18 23:46:45] Concatène [33] frontend/src/main.ts (size=495)
[2025-12-18 23:46:45] Concatène [34] frontend/src/stores/klaro.ts (size=7365)
[2025-12-18 23:46:45] Concatène [35] frontend/src/style.css (size=3598)
[2025-12-18 23:46:45] Concatène [36] frontend/tsconfig.app.json (size=454)
[2025-12-18 23:46:45] Concatène [37] frontend/tsconfig.json (size=119)
[2025-12-18 23:46:45] Concatène [38] frontend/tsconfig.node.json (size=653)
[2025-12-18 23:46:45] Concatène [39] frontend/vite.config.ts (size=213)
[2025-12-18 23:46:45] Concatène [40] k8s/deployment.yaml (size=1220)
[2025-12-18 23:46:45] Concatène [41] k8s/ingress.yaml (size=608)
[2025-12-18 23:46:45] Concatène [42] k8s/service.yaml (size=170)
[2025-12-18 23:46:45] Concatène [43] package.json (size=255)
[2025-12-18 23:46:45] Concatène [44] plan (size=4170)
[2025-12-18 23:46:45] Concatène [45] pnpm-lock.yaml (size=49940)
[2025-12-18 23:46:45] Concatène [46] pnpm-workspace.yaml (size=39)
[2025-12-18 23:46:45] Concaténation Markdown terminée : 44 fichier(s), 188517 octets.
[2025-12-18 23:46:45] Aucune règle d’anonymisation — étape sautée.
[2025-12-18 23:46:45] Terminé. Log détaillé: project_export.log
